#
# There is insufficient memory for the Java Runtime Environment to continue.
# Native memory allocation (malloc) failed to allocate 1665680 bytes. Error detail: Chunk::new
# Possible reasons:
#   The system is out of physical RAM or swap space
#   This process is running with CompressedOops enabled, and the Java Heap may be blocking the growth of the native heap
# Possible solutions:
#   Reduce memory load on the system
#   Increase physical memory or swap space
#   Check if swap backing store is full
#   Decrease Java heap size (-Xmx/-Xms)
#   Decrease number of Java threads
#   Decrease Java thread stack sizes (-Xss)
#   Set larger code cache with -XX:ReservedCodeCacheSize=
#   JVM is running with Unscaled Compressed Oops mode in which the Java heap is
#     placed in the first 4GB address space. The Java Heap base address is the
#     maximum limit for the native heap growth. Please use -XX:HeapBaseMinAddress
#     to set the Java Heap base and to place the Java Heap above 4GB virtual address.
# This output file may be truncated or incomplete.
#
#  Out of Memory Error (arena.cpp:168), pid=16736, tid=3176
#
# JRE version: OpenJDK Runtime Environment Temurin-21.0.10+7 (21.0.10+7) (build 21.0.10+7-LTS)
# Java VM: OpenJDK 64-Bit Server VM Temurin-21.0.10+7 (21.0.10+7-LTS, mixed mode, sharing, tiered, compressed oops, compressed class ptrs, parallel gc, windows-amd64)
# No core dump will be written. Minidumps are not enabled by default on client versions of Windows
#

---------------  S U M M A R Y ------------

Command Line: --add-modules=ALL-SYSTEM --add-opens=java.base/java.util=ALL-UNNAMED --add-opens=java.base/java.lang=ALL-UNNAMED --add-opens=java.base/sun.nio.fs=ALL-UNNAMED -Declipse.application=org.eclipse.jdt.ls.core.id1 -Dosgi.bundles.defaultStartLevel=4 -Declipse.product=org.eclipse.jdt.ls.core.product -Djava.import.generatesMetadataFilesAtProjectRoot=false -DDetectVMInstallationsJob.disabled=true -Dfile.encoding=utf8 -XX:+UseParallelGC -XX:GCTimeRatio=4 -XX:AdaptiveSizePolicyWeight=90 -Dsun.zip.disableMemoryMapping=true -Xmx2G -Xms100m -Xlog:disable -javaagent:c:\Users\Mehdi\.vscode\extensions\redhat.java-1.54.0-win32-x64\lombok\lombok-1.18.39-4050.jar -XX:+HeapDumpOnOutOfMemoryError -XX:HeapDumpPath=c:\Users\Mehdi\AppData\Roaming\Code\User\workspaceStorage\2fbba315dff4086bbc46fa375d790ebb\redhat.java -Daether.dependencyCollector.impl=bf c:\Users\Mehdi\.vscode\extensions\redhat.java-1.54.0-win32-x64\server\plugins\org.eclipse.equinox.launcher_1.7.100.v20251111-0406.jar -configuration c:\Users\Mehdi\AppData\Roaming\Code\User\globalStorage\redhat.java\1.54.0\config_win -data c:\Users\Mehdi\AppData\Roaming\Code\User\workspaceStorage\2fbba315dff4086bbc46fa375d790ebb\redhat.java\jdt_ws --pipe=\\.\pipe\lsp-acddd650e79dfc9619b2d4229a275f88-sock

Host: 11th Gen Intel(R) Core(TM) i3-1115G4 @ 3.00GHz, 4 cores, 7G,  Windows 11 , 64 bit Build 26100 (10.0.26100.8328)
Time: Thu May  7 00:24:15 2026 Morocco Summer Time elapsed time: 21.339604 seconds (0d 0h 0m 21s)

---------------  T H R E A D  ---------------

Current thread (0x000001e276f5a620):  JavaThread "C2 CompilerThread0" daemon [_thread_in_native, id=3176, stack(0x0000005e7ae00000,0x0000005e7af00000) (1024K)]


Current CompileTask:
C2:21339 3289       4       java.lang.invoke.MethodType::makeImpl (109 bytes)

Stack: [0x0000005e7ae00000,0x0000005e7af00000]
Native frames: (J=compiled Java code, j=interpreted, Vv=VM code, C=native code)
V  [jvm.dll+0x6d7a39]
V  [jvm.dll+0x8b4b26]
V  [jvm.dll+0x8b70de]
V  [jvm.dll+0x8b77c3]
V  [jvm.dll+0x284346]
V  [jvm.dll+0xc66ed]
V  [jvm.dll+0xc6c31]
V  [jvm.dll+0x3bec3b]
V  [jvm.dll+0x38b162]
V  [jvm.dll+0x38a5aa]
V  [jvm.dll+0x24c560]
V  [jvm.dll+0x24bb40]
V  [jvm.dll+0x1cb34e]
V  [jvm.dll+0x25b85d]
V  [jvm.dll+0x259dea]
V  [jvm.dll+0x3f857e]
V  [jvm.dll+0x85f59d]
V  [jvm.dll+0x6d626d]
C  [ucrtbase.dll+0x37b0]
C  [KERNEL32.DLL+0x2e957]
C  [ntdll.dll+0x427c]


---------------  P R O C E S S  ---------------

Threads class SMR info:
_java_thread_list=0x000001e2546664d0, length=20, elements={
0x000001e274be6590, 0x000001e276f35ff0, 0x000001e276f3a390, 0x000001e276f40980,
0x000001e276f441b0, 0x000001e276f47210, 0x000001e276f4a550, 0x000001e276f5a620,
0x000001e276f7d640, 0x000001e27f748460, 0x000001e27f793250, 0x000001e254621ae0,
0x000001e254617540, 0x000001e2545199d0, 0x000001e254430ec0, 0x000001e254793600,
0x000001e25494c880, 0x000001e2546b7a20, 0x000001e27f637500, 0x000001e27f634080
}

Java Threads: ( => current thread )
  0x000001e274be6590 JavaThread "main"                              [_thread_blocked, id=10268, stack(0x0000005e7a400000,0x0000005e7a500000) (1024K)]
  0x000001e276f35ff0 JavaThread "Reference Handler"          daemon [_thread_blocked, id=21204, stack(0x0000005e7a800000,0x0000005e7a900000) (1024K)]
  0x000001e276f3a390 JavaThread "Finalizer"                  daemon [_thread_blocked, id=13616, stack(0x0000005e7a900000,0x0000005e7aa00000) (1024K)]
  0x000001e276f40980 JavaThread "Signal Dispatcher"          daemon [_thread_blocked, id=20356, stack(0x0000005e7aa00000,0x0000005e7ab00000) (1024K)]
  0x000001e276f441b0 JavaThread "Attach Listener"            daemon [_thread_blocked, id=9568, stack(0x0000005e7ab00000,0x0000005e7ac00000) (1024K)]
  0x000001e276f47210 JavaThread "Service Thread"             daemon [_thread_blocked, id=17292, stack(0x0000005e7ac00000,0x0000005e7ad00000) (1024K)]
  0x000001e276f4a550 JavaThread "Monitor Deflation Thread"   daemon [_thread_blocked, id=17384, stack(0x0000005e7ad00000,0x0000005e7ae00000) (1024K)]
=>0x000001e276f5a620 JavaThread "C2 CompilerThread0"         daemon [_thread_in_native, id=3176, stack(0x0000005e7ae00000,0x0000005e7af00000) (1024K)]
  0x000001e276f7d640 JavaThread "C1 CompilerThread0"         daemon [_thread_blocked, id=23732, stack(0x0000005e7af00000,0x0000005e7b000000) (1024K)]
  0x000001e27f748460 JavaThread "Common-Cleaner"             daemon [_thread_blocked, id=23648, stack(0x0000005e7b000000,0x0000005e7b100000) (1024K)]
  0x000001e27f793250 JavaThread "Notification Thread"        daemon [_thread_blocked, id=24372, stack(0x0000005e7b100000,0x0000005e7b200000) (1024K)]
  0x000001e254621ae0 JavaThread "Active Thread: Equinox Container: d9d4f0dc-ff77-407a-ad30-e5ea66f49d6d"        [_thread_blocked, id=23412, stack(0x0000005e7b600000,0x0000005e7b700000) (1024K)]
  0x000001e254617540 JavaThread "Refresh Thread: Equinox Container: d9d4f0dc-ff77-407a-ad30-e5ea66f49d6d" daemon [_thread_blocked, id=26160, stack(0x0000005e7b700000,0x0000005e7b800000) (1024K)]
  0x000001e2545199d0 JavaThread "Framework Event Dispatcher: Equinox Container: d9d4f0dc-ff77-407a-ad30-e5ea66f49d6d" daemon [_thread_blocked, id=24720, stack(0x0000005e7b800000,0x0000005e7b900000) (1024K)]
  0x000001e254430ec0 JavaThread "Start Level: Equinox Container: d9d4f0dc-ff77-407a-ad30-e5ea66f49d6d" daemon [_thread_in_vm, id=25540, stack(0x0000005e7b500000,0x0000005e7b600000) (1024K)]
  0x000001e254793600 JavaThread "Bundle File Closer"         daemon [_thread_blocked, id=8824, stack(0x0000005e7b900000,0x0000005e7ba00000) (1024K)]
  0x000001e25494c880 JavaThread "SCR Component Actor"        daemon [_thread_blocked, id=12400, stack(0x0000005e7ba00000,0x0000005e7bb00000) (1024K)]
  0x000001e2546b7a20 JavaThread "Worker-JM"                         [_thread_blocked, id=16824, stack(0x0000005e7bb00000,0x0000005e7bc00000) (1024K)]
  0x000001e27f637500 JavaThread "JNA Cleaner"                daemon [_thread_blocked, id=24496, stack(0x0000005e7bc00000,0x0000005e7bd00000) (1024K)]
  0x000001e27f634080 JavaThread "Worker-0"                          [_thread_blocked, id=17576, stack(0x0000005e7bd00000,0x0000005e7be00000) (1024K)]
Total: 20

Other Threads:
  0x000001e276f2f860 VMThread "VM Thread"                           [id=22188, stack(0x0000005e7a700000,0x0000005e7a800000) (1024K)]
  0x000001e2770b6110 WatcherThread "VM Periodic Task Thread"        [id=26416, stack(0x0000005e7a600000,0x0000005e7a700000) (1024K)]
  0x000001e277067040 WorkerThread "GC Thread#0"                     [id=22472, stack(0x0000005e7a500000,0x0000005e7a600000) (1024K)]
  0x000001e2543942a0 WorkerThread "GC Thread#1"                     [id=21032, stack(0x0000005e7b200000,0x0000005e7b300000) (1024K)]
  0x000001e2543919e0 WorkerThread "GC Thread#2"                     [id=26404, stack(0x0000005e7b300000,0x0000005e7b400000) (1024K)]
  0x000001e254391d90 WorkerThread "GC Thread#3"                     [id=15984, stack(0x0000005e7b400000,0x0000005e7b500000) (1024K)]
Total: 6

Threads with active compile tasks:
C2 CompilerThread0  21371 3289       4       java.lang.invoke.MethodType::makeImpl (109 bytes)
Total: 1

VM state: not at safepoint (normal execution)

VM Mutex/Monitor currently owned by a thread: None

Heap address: 0x0000000080000000, size: 2048 MB, Compressed Oops mode: 32-bit

CDS archive(s) mapped at: [0x000001e20f000000-0x000001e20fba0000-0x000001e20fba0000), size 12189696, SharedBaseAddress: 0x000001e20f000000, ArchiveRelocationMode: 1.
Compressed class space mapped at: 0x000001e210000000-0x000001e250000000, reserved size: 1073741824
Narrow klass base: 0x000001e20f000000, Narrow klass shift: 0, Narrow klass range: 0x100000000

GC Precious Log:
 CardTable entry size: 512
 CPUs: 4 total, 4 available
 Memory: 7991M
 Large Page Support: Disabled
 NUMA Support: Disabled
 Compressed Oops: Enabled (32-bit)
 Alignments: Space 512K, Generation 512K, Heap 2M
 Heap Min Capacity: 100M
 Heap Initial Capacity: 100M
 Heap Max Capacity: 2G
 Pre-touch: Disabled
 Parallel Workers: 4

Heap:
 PSYoungGen      total 29184K, used 13141K [0x00000000d5580000, 0x00000000d7a00000, 0x0000000100000000)
  eden space 25088K, 36% used [0x00000000d5580000,0x00000000d5e5a680,0x00000000d6e00000)
  from space 4096K, 99% used [0x00000000d6e80000,0x00000000d727b0e8,0x00000000d7280000)
  to   space 6144K, 0% used [0x00000000d7400000,0x00000000d7400000,0x00000000d7a00000)
 ParOldGen       total 68608K, used 8190K [0x0000000080000000, 0x0000000084300000, 0x00000000d5580000)
  object space 68608K, 11% used [0x0000000080000000,0x00000000807ffb30,0x0000000084300000)
 Metaspace       used 17205K, committed 17792K, reserved 1114112K
  class space    used 1793K, committed 2048K, reserved 1048576K

Card table byte_map: [0x000001e2769e0000,0x000001e276df0000] _byte_map_base: 0x000001e2765e0000

Marking Bits: (ParMarkBitMap*) 0x00007ff99b213450
 Begin Bits: [0x000001e27a4f0000, 0x000001e27c4f0000)
 End Bits:   [0x000001e27c4f0000, 0x000001e27e4f0000)

Polling page: 0x000001e274e40000

Metaspace:

Usage:
  Non-class:     15.05 MB used.
      Class:      1.75 MB used.
       Both:     16.80 MB used.

Virtual space:
  Non-class space:       64.00 MB reserved,      15.38 MB ( 24%) committed,  1 nodes.
      Class space:        1.00 GB reserved,       2.00 MB ( <1%) committed,  1 nodes.
             Both:        1.06 GB reserved,      17.38 MB (  2%) committed. 

Chunk freelists:
   Non-Class:  46.00 KB
       Class:  13.84 MB
        Both:  13.89 MB

MaxMetaspaceSize: unlimited
CompressedClassSpaceSize: 1.00 GB
Initial GC threshold: 21.00 MB
Current GC threshold: 21.00 MB
CDS: on
 - commit_granule_bytes: 65536.
 - commit_granule_words: 8192.
 - virtual_space_node_default_size: 8388608.
 - enlarge_chunks_in_place: 1.
 - use_allocation_guard: 0.


Internal statistics:

num_allocs_failed_limit: 0.
num_arena_births: 492.
num_arena_deaths: 0.
num_vsnodes_births: 2.
num_vsnodes_deaths: 0.
num_space_committed: 278.
num_space_uncommitted: 0.
num_chunks_returned_to_freelist: 0.
num_chunks_taken_from_freelist: 1138.
num_chunk_merges: 0.
num_chunk_splits: 690.
num_chunks_enlarged: 418.
num_inconsistent_stats: 0.

CodeHeap 'non-profiled nmethods': size=120000Kb used=1457Kb max_used=1457Kb free=118542Kb
 bounds [0x000001e207ad0000, 0x000001e207d40000, 0x000001e20f000000]
CodeHeap 'profiled nmethods': size=120000Kb used=6735Kb max_used=6735Kb free=113264Kb
 bounds [0x000001e200000000, 0x000001e2006a0000, 0x000001e207530000]
CodeHeap 'non-nmethods': size=5760Kb used=1282Kb max_used=1297Kb free=4477Kb
 bounds [0x000001e207530000, 0x000001e2077a0000, 0x000001e207ad0000]
CodeCache: size=245760Kb, used=9474Kb, max_used=9489Kb, free=236283Kb
 total_blobs=3892, nmethods=3342, adapters=456, full_count=0
Compilation: enabled, stopped_count=0, restarted_count=0

Compilation events (20 events):
Event: 21.295 Thread 0x000001e276f7d640 3332       3       java.util.Formatter$Flags::contains (13 bytes)
Event: 21.295 Thread 0x000001e276f7d640 nmethod 3332 0x000001e20068f890 code [0x000001e20068fa20, 0x000001e20068fb60]
Event: 21.296 Thread 0x000001e276f7d640 3333       1       java.util.Formatter$FormatSpecifier::index (5 bytes)
Event: 21.297 Thread 0x000001e276f7d640 nmethod 3333 0x000001e207c3b990 code [0x000001e207c3bb20, 0x000001e207c3bbe8]
Event: 21.297 Thread 0x000001e276f7d640 3334       1       java.util.Formatter$FixedString::index (3 bytes)
Event: 21.297 Thread 0x000001e276f7d640 nmethod 3334 0x000001e207c3bc90 code [0x000001e207c3be20, 0x000001e207c3bee8]
Event: 21.301 Thread 0x000001e276f7d640 3335       3       java.util.Formatter$Conversion::isValid (256 bytes)
Event: 21.302 Thread 0x000001e276f7d640 nmethod 3335 0x000001e20068fc10 code [0x000001e20068fdc0, 0x000001e200690368]
Event: 21.319 Thread 0x000001e276f7d640 3336       3       java.lang.StringBuilder::append (8 bytes)
Event: 21.319 Thread 0x000001e276f7d640 nmethod 3336 0x000001e200690410 code [0x000001e2006905c0, 0x000001e200690710]
Event: 21.320 Thread 0x000001e276f7d640 3337       3       java.util.Formatter$FormatSpecifier::print (234 bytes)
Event: 21.321 Thread 0x000001e276f7d640 nmethod 3337 0x000001e200690790 code [0x000001e200690a20, 0x000001e2006911c0]
Event: 21.321 Thread 0x000001e276f7d640 3338       3       java.lang.StringBuilder::append (6 bytes)
Event: 21.321 Thread 0x000001e276f7d640 nmethod 3338 0x000001e200691390 code [0x000001e200691540, 0x000001e2006916f0]
Event: 21.321 Thread 0x000001e276f7d640 3339       3       java.util.Formatter$FormatSpecifier::appendJustified (89 bytes)
Event: 21.322 Thread 0x000001e276f7d640 nmethod 3339 0x000001e200691810 code [0x000001e200691a40, 0x000001e2006921a8]
Event: 21.323 Thread 0x000001e276f7d640 3340       1       java.text.DecimalFormatSymbols::getZeroDigit (5 bytes)
Event: 21.323 Thread 0x000001e276f7d640 nmethod 3340 0x000001e207c3bf90 code [0x000001e207c3c120, 0x000001e207c3c1f0]
Event: 21.331 Thread 0x000001e276f7d640 3341       3       java.lang.AbstractStringBuilder::append (54 bytes)
Event: 21.332 Thread 0x000001e276f7d640 nmethod 3341 0x000001e200692410 code [0x000001e200692640, 0x000001e200692f80]

GC Heap History (10 events):
Event: 1.835 GC heap before
{Heap before GC invocations=1 (full 0):
 PSYoungGen      total 29696K, used 25600K [0x00000000d5580000, 0x00000000d7680000, 0x0000000100000000)
  eden space 25600K, 100% used [0x00000000d5580000,0x00000000d6e80000,0x00000000d6e80000)
  from space 4096K, 0% used [0x00000000d7280000,0x00000000d7280000,0x00000000d7680000)
  to   space 4096K, 0% used [0x00000000d6e80000,0x00000000d6e80000,0x00000000d7280000)
 ParOldGen       total 68608K, used 0K [0x0000000080000000, 0x0000000084300000, 0x00000000d5580000)
  object space 68608K, 0% used [0x0000000080000000,0x0000000080000000,0x0000000084300000)
 Metaspace       used 4366K, committed 4608K, reserved 1114112K
  class space    used 474K, committed 576K, reserved 1048576K
}
Event: 1.844 GC heap after
{Heap after GC invocations=1 (full 0):
 PSYoungGen      total 29696K, used 3303K [0x00000000d5580000, 0x00000000d7680000, 0x0000000100000000)
  eden space 25600K, 0% used [0x00000000d5580000,0x00000000d5580000,0x00000000d6e80000)
  from space 4096K, 80% used [0x00000000d6e80000,0x00000000d71b9e98,0x00000000d7280000)
  to   space 4096K, 0% used [0x00000000d7280000,0x00000000d7280000,0x00000000d7680000)
 ParOldGen       total 68608K, used 8K [0x0000000080000000, 0x0000000084300000, 0x00000000d5580000)
  object space 68608K, 0% used [0x0000000080000000,0x0000000080002000,0x0000000084300000)
 Metaspace       used 4366K, committed 4608K, reserved 1114112K
  class space    used 474K, committed 576K, reserved 1048576K
}
Event: 3.358 GC heap before
{Heap before GC invocations=2 (full 0):
 PSYoungGen      total 29696K, used 28903K [0x00000000d5580000, 0x00000000d7680000, 0x0000000100000000)
  eden space 25600K, 100% used [0x00000000d5580000,0x00000000d6e80000,0x00000000d6e80000)
  from space 4096K, 80% used [0x00000000d6e80000,0x00000000d71b9e98,0x00000000d7280000)
  to   space 4096K, 0% used [0x00000000d7280000,0x00000000d7280000,0x00000000d7680000)
 ParOldGen       total 68608K, used 8K [0x0000000080000000, 0x0000000084300000, 0x00000000d5580000)
  object space 68608K, 0% used [0x0000000080000000,0x0000000080002000,0x0000000084300000)
 Metaspace       used 8032K, committed 8320K, reserved 1114112K
  class space    used 837K, committed 960K, reserved 1048576K
}
Event: 3.370 GC heap after
{Heap after GC invocations=2 (full 0):
 PSYoungGen      total 29696K, used 4080K [0x00000000d5580000, 0x00000000d7680000, 0x0000000100000000)
  eden space 25600K, 0% used [0x00000000d5580000,0x00000000d5580000,0x00000000d6e80000)
  from space 4096K, 99% used [0x00000000d7280000,0x00000000d767c148,0x00000000d7680000)
  to   space 4096K, 0% used [0x00000000d6e80000,0x00000000d6e80000,0x00000000d7280000)
 ParOldGen       total 68608K, used 1809K [0x0000000080000000, 0x0000000084300000, 0x00000000d5580000)
  object space 68608K, 2% used [0x0000000080000000,0x00000000801c47e0,0x0000000084300000)
 Metaspace       used 8032K, committed 8320K, reserved 1114112K
  class space    used 837K, committed 960K, reserved 1048576K
}
Event: 4.141 GC heap before
{Heap before GC invocations=3 (full 0):
 PSYoungGen      total 29696K, used 29680K [0x00000000d5580000, 0x00000000d7680000, 0x0000000100000000)
  eden space 25600K, 100% used [0x00000000d5580000,0x00000000d6e80000,0x00000000d6e80000)
  from space 4096K, 99% used [0x00000000d7280000,0x00000000d767c148,0x00000000d7680000)
  to   space 4096K, 0% used [0x00000000d6e80000,0x00000000d6e80000,0x00000000d7280000)
 ParOldGen       total 68608K, used 1809K [0x0000000080000000, 0x0000000084300000, 0x00000000d5580000)
  object space 68608K, 2% used [0x0000000080000000,0x00000000801c47e0,0x0000000084300000)
 Metaspace       used 9479K, committed 9792K, reserved 1114112K
  class space    used 1009K, committed 1152K, reserved 1048576K
}
Event: 4.151 GC heap after
{Heap after GC invocations=3 (full 0):
 PSYoungGen      total 29696K, used 4065K [0x00000000d5580000, 0x00000000d7680000, 0x0000000100000000)
  eden space 25600K, 0% used [0x00000000d5580000,0x00000000d5580000,0x00000000d6e80000)
  from space 4096K, 99% used [0x00000000d6e80000,0x00000000d7278628,0x00000000d7280000)
  to   space 4096K, 0% used [0x00000000d7280000,0x00000000d7280000,0x00000000d7680000)
 ParOldGen       total 68608K, used 4936K [0x0000000080000000, 0x0000000084300000, 0x00000000d5580000)
  object space 68608K, 7% used [0x0000000080000000,0x00000000804d21f8,0x0000000084300000)
 Metaspace       used 9479K, committed 9792K, reserved 1114112K
  class space    used 1009K, committed 1152K, reserved 1048576K
}
Event: 7.274 GC heap before
{Heap before GC invocations=4 (full 0):
 PSYoungGen      total 29696K, used 29665K [0x00000000d5580000, 0x00000000d7680000, 0x0000000100000000)
  eden space 25600K, 100% used [0x00000000d5580000,0x00000000d6e80000,0x00000000d6e80000)
  from space 4096K, 99% used [0x00000000d6e80000,0x00000000d7278628,0x00000000d7280000)
  to   space 4096K, 0% used [0x00000000d7280000,0x00000000d7280000,0x00000000d7680000)
 ParOldGen       total 68608K, used 4936K [0x0000000080000000, 0x0000000084300000, 0x00000000d5580000)
  object space 68608K, 7% used [0x0000000080000000,0x00000000804d21f8,0x0000000084300000)
 Metaspace       used 11943K, committed 12288K, reserved 1114112K
  class space    used 1267K, committed 1408K, reserved 1048576K
}
Event: 7.289 GC heap after
{Heap after GC invocations=4 (full 0):
 PSYoungGen      total 29696K, used 4064K [0x00000000d5580000, 0x00000000d7680000, 0x0000000100000000)
  eden space 25600K, 0% used [0x00000000d5580000,0x00000000d5580000,0x00000000d6e80000)
  from space 4096K, 99% used [0x00000000d7280000,0x00000000d76782e0,0x00000000d7680000)
  to   space 4096K, 0% used [0x00000000d6e80000,0x00000000d6e80000,0x00000000d7280000)
 ParOldGen       total 68608K, used 6332K [0x0000000080000000, 0x0000000084300000, 0x00000000d5580000)
  object space 68608K, 9% used [0x0000000080000000,0x000000008062f2a0,0x0000000084300000)
 Metaspace       used 11943K, committed 12288K, reserved 1114112K
  class space    used 1267K, committed 1408K, reserved 1048576K
}
Event: 10.250 GC heap before
{Heap before GC invocations=5 (full 0):
 PSYoungGen      total 29696K, used 29664K [0x00000000d5580000, 0x00000000d7680000, 0x0000000100000000)
  eden space 25600K, 100% used [0x00000000d5580000,0x00000000d6e80000,0x00000000d6e80000)
  from space 4096K, 99% used [0x00000000d7280000,0x00000000d76782e0,0x00000000d7680000)
  to   space 4096K, 0% used [0x00000000d6e80000,0x00000000d6e80000,0x00000000d7280000)
 ParOldGen       total 68608K, used 6332K [0x0000000080000000, 0x0000000084300000, 0x00000000d5580000)
  object space 68608K, 9% used [0x0000000080000000,0x000000008062f2a0,0x0000000084300000)
 Metaspace       used 15868K, committed 16448K, reserved 1114112K
  class space    used 1640K, committed 1920K, reserved 1048576K
}
Event: 10.257 GC heap after
{Heap after GC invocations=5 (full 0):
 PSYoungGen      total 29184K, used 4076K [0x00000000d5580000, 0x00000000d7a00000, 0x0000000100000000)
  eden space 25088K, 0% used [0x00000000d5580000,0x00000000d5580000,0x00000000d6e00000)
  from space 4096K, 99% used [0x00000000d6e80000,0x00000000d727b0e8,0x00000000d7280000)
  to   space 6144K, 0% used [0x00000000d7400000,0x00000000d7400000,0x00000000d7a00000)
 ParOldGen       total 68608K, used 8190K [0x0000000080000000, 0x0000000084300000, 0x00000000d5580000)
  object space 68608K, 11% used [0x0000000080000000,0x00000000807ffb30,0x0000000084300000)
 Metaspace       used 15868K, committed 16448K, reserved 1114112K
  class space    used 1640K, committed 1920K, reserved 1048576K
}

Dll operation events (10 events):
Event: 0.016 Loaded shared library c:\Users\Mehdi\.vscode\extensions\redhat.java-1.54.0-win32-x64\jre\21.0.10-win32-x86_64\bin\java.dll
Event: 0.319 Loaded shared library c:\Users\Mehdi\.vscode\extensions\redhat.java-1.54.0-win32-x64\jre\21.0.10-win32-x86_64\bin\zip.dll
Event: 0.382 Loaded shared library C:\Users\Mehdi\.vscode\extensions\redhat.java-1.54.0-win32-x64\jre\21.0.10-win32-x86_64\bin\instrument.dll
Event: 0.389 Loaded shared library C:\Users\Mehdi\.vscode\extensions\redhat.java-1.54.0-win32-x64\jre\21.0.10-win32-x86_64\bin\net.dll
Event: 0.394 Loaded shared library C:\Users\Mehdi\.vscode\extensions\redhat.java-1.54.0-win32-x64\jre\21.0.10-win32-x86_64\bin\nio.dll
Event: 0.402 Loaded shared library C:\Users\Mehdi\.vscode\extensions\redhat.java-1.54.0-win32-x64\jre\21.0.10-win32-x86_64\bin\zip.dll
Event: 0.430 Loaded shared library C:\Users\Mehdi\.vscode\extensions\redhat.java-1.54.0-win32-x64\jre\21.0.10-win32-x86_64\bin\jimage.dll
Event: 0.539 Loaded shared library c:\Users\Mehdi\.vscode\extensions\redhat.java-1.54.0-win32-x64\jre\21.0.10-win32-x86_64\bin\verify.dll
Event: 3.392 Loaded shared library C:\Users\Mehdi\AppData\Roaming\Code\User\globalStorage\redhat.java\1.54.0\config_win\org.eclipse.equinox.launcher\org.eclipse.equinox.launcher.win32.win32.x86_64_1.3.0.v20260203-2149\eclipse_11919.dll
Event: 21.141 Loaded shared library C:\Users\Mehdi\AppData\Local\Temp\jna-74223157\jna17139408027442740802.dll

Deoptimization events (20 events):
Event: 10.552 Thread 0x000001e254430ec0 DEOPT PACKING pc=0x000001e207b08dd0 sp=0x0000005e7b5f7a40
Event: 10.552 Thread 0x000001e254430ec0 DEOPT UNPACKING pc=0x000001e207586da2 sp=0x0000005e7b5f79c0 mode 2
Event: 10.721 Thread 0x000001e254430ec0 DEOPT PACKING pc=0x000001e200664a39 sp=0x0000005e7b5f6470
Event: 10.722 Thread 0x000001e254430ec0 DEOPT UNPACKING pc=0x000001e2075878e2 sp=0x0000005e7b5f5908 mode 0
Event: 10.734 Thread 0x000001e254430ec0 DEOPT PACKING pc=0x000001e200664a39 sp=0x0000005e7b5f6470
Event: 10.734 Thread 0x000001e254430ec0 DEOPT UNPACKING pc=0x000001e2075878e2 sp=0x0000005e7b5f5908 mode 0
Event: 10.756 Thread 0x000001e254430ec0 DEOPT PACKING pc=0x000001e200664a39 sp=0x0000005e7b5f6470
Event: 10.756 Thread 0x000001e254430ec0 DEOPT UNPACKING pc=0x000001e2075878e2 sp=0x0000005e7b5f5908 mode 0
Event: 21.227 Thread 0x000001e254430ec0 Uncommon trap: trap_request=0xffffffc6 fr.pc=0x000001e207b8f844 relative=0x0000000000000b64
Event: 21.227 Thread 0x000001e254430ec0 Uncommon trap: reason=bimorphic_or_optimized_type_check action=maybe_recompile pc=0x000001e207b8f844 method=java.util.HashMap.putVal(ILjava/lang/Object;Ljava/lang/Object;ZZ)Ljava/lang/Object; @ 91 c2
Event: 21.227 Thread 0x000001e254430ec0 DEOPT PACKING pc=0x000001e207b8f844 sp=0x0000005e7b5f80c0
Event: 21.227 Thread 0x000001e254430ec0 DEOPT UNPACKING pc=0x000001e207586da2 sp=0x0000005e7b5f7fe8 mode 2
Event: 21.227 Thread 0x000001e254430ec0 Uncommon trap: trap_request=0xffffff45 fr.pc=0x000001e207c2e144 relative=0x0000000000000964
Event: 21.227 Thread 0x000001e254430ec0 Uncommon trap: reason=unstable_if action=reinterpret pc=0x000001e207c2e144 method=java.util.concurrent.ConcurrentHashMap.putVal(Ljava/lang/Object;Ljava/lang/Object;Z)Ljava/lang/Object; @ 401 c2
Event: 21.227 Thread 0x000001e254430ec0 DEOPT PACKING pc=0x000001e207c2e144 sp=0x0000005e7b5f78c0
Event: 21.227 Thread 0x000001e254430ec0 DEOPT UNPACKING pc=0x000001e207586da2 sp=0x0000005e7b5f7830 mode 2
Event: 21.283 Thread 0x000001e254430ec0 Uncommon trap: trap_request=0xffffff45 fr.pc=0x000001e207c24224 relative=0x0000000000000084
Event: 21.283 Thread 0x000001e254430ec0 Uncommon trap: reason=unstable_if action=reinterpret pc=0x000001e207c24224 method=java.lang.ref.SoftReference.get()Ljava/lang/Object; @ 6 c2
Event: 21.283 Thread 0x000001e254430ec0 DEOPT PACKING pc=0x000001e207c24224 sp=0x0000005e7b5f9940
Event: 21.283 Thread 0x000001e254430ec0 DEOPT UNPACKING pc=0x000001e207586da2 sp=0x0000005e7b5f98d8 mode 2

Classes loaded (20 events):
Event: 21.168 Loading class java/lang/annotation/Documented
Event: 21.168 Loading class java/lang/annotation/Documented done
Event: 21.173 Loading class java/lang/reflect/UndeclaredThrowableException
Event: 21.173 Loading class java/lang/reflect/UndeclaredThrowableException done
Event: 21.173 Loading class java/lang/Class$AnnotationData
Event: 21.174 Loading class java/lang/Class$AnnotationData done
Event: 21.175 Loading class jdk/internal/reflect/MethodHandleIntegerFieldAccessorImpl
Event: 21.175 Loading class jdk/internal/reflect/MethodHandleIntegerFieldAccessorImpl done
Event: 21.212 Loading class java/io/PrintWriter
Event: 21.212 Loading class java/io/PrintWriter done
Event: 21.224 Loading class jdk/internal/reflect/MethodHandleShortFieldAccessorImpl
Event: 21.225 Loading class jdk/internal/reflect/MethodHandleShortFieldAccessorImpl done
Event: 21.225 Loading class java/lang/Short$ShortCache
Event: 21.226 Loading class java/lang/Short$ShortCache done
Event: 21.273 Loading class java/util/function/LongUnaryOperator
Event: 21.273 Loading class java/util/function/LongUnaryOperator done
Event: 21.274 Loading class java/lang/ThreadDeath
Event: 21.275 Loading class java/lang/ThreadDeath done
Event: 21.292 Loading class java/util/stream/SortedOps$SizedRefSortingSink
Event: 21.293 Loading class java/util/stream/SortedOps$SizedRefSortingSink done

Classes unloaded (0 events):
No events

Classes redefined (0 events):
No events

Internal exceptions (20 events):
Event: 8.495 Thread 0x000001e254430ec0 Exception <a 'java/lang/NoSuchMethodError'{0x00000000d5d67ff8}: 'java.lang.Object java.lang.invoke.Invokers$Holder.linkToTargetMethod(java.lang.Object, long, java.lang.Object)'> (0x00000000d5d67ff8) 
thrown [s\src\hotspot\share\interpreter\linkResolver.cpp, line 773]
Event: 8.857 Thread 0x000001e254430ec0 Exception <a 'java/lang/NoSuchMethodError'{0x00000000d6299cd0}: 'void java.lang.invoke.Invokers$Holder.invokeExact_MT(java.lang.Object, java.lang.Object, java.lang.Object)'> (0x00000000d6299cd0) 
thrown [s\src\hotspot\share\interpreter\linkResolver.cpp, line 773]
Event: 9.249 Thread 0x000001e254430ec0 Exception <a 'java/lang/NoSuchMethodError'{0x00000000d659a350}: 'java.lang.Object java.lang.invoke.DirectMethodHandle$Holder.invokeVirtual(java.lang.Object, java.lang.Object, java.lang.Object)'> (0x00000000d659a350) 
thrown [s\src\hotspot\share\interpreter\linkResolver.cpp, line 773]
Event: 9.256 Thread 0x000001e254430ec0 Exception <a 'java/lang/NoSuchMethodError'{0x00000000d65b1de8}: 'java.lang.Object java.lang.invoke.DelegatingMethodHandle$Holder.reinvoke_L(java.lang.Object, java.lang.Object, java.lang.Object, java.lang.Object, int, int)'> (0x00000000d65b1de8) 
thrown [s\src\hotspot\share\interpreter\linkResolver.cpp, line 773]
Event: 9.265 Thread 0x000001e254430ec0 Exception <a 'java/lang/NoSuchMethodError'{0x00000000d65ce450}: 'java.lang.Object java.lang.invoke.DirectMethodHandle$Holder.newInvokeSpecial(java.lang.Object, java.lang.Object, java.lang.Object, java.lang.Object, java.lang.Object, java.lang.Object)'> (0x00000000d65ce450) 
thrown [s\src\hotspot\share\interpreter\linkResolver.cpp, line 773]
Event: 9.288 Thread 0x000001e254430ec0 Exception <a 'java/lang/NoSuchMethodError'{0x00000000d65f9f40}: 'void java.lang.invoke.Invokers$Holder.invokeExact_MT(java.lang.Object, java.lang.Object, java.lang.Object, java.lang.Object)'> (0x00000000d65f9f40) 
thrown [s\src\hotspot\share\interpreter\linkResolver.cpp, line 773]
Event: 9.507 Thread 0x000001e254430ec0 Exception <a 'java/io/FileNotFoundException'{0x00000000d68c7c18}> (0x00000000d68c7c18) 
thrown [s\src\hotspot\share\prims\jni.cpp, line 520]
Event: 9.514 Thread 0x000001e254430ec0 Exception <a 'java/io/FileNotFoundException'{0x00000000d68cedd0}> (0x00000000d68cedd0) 
thrown [s\src\hotspot\share\prims\jni.cpp, line 520]
Event: 10.299 Thread 0x000001e254430ec0 Exception <a 'java/lang/NoSuchMethodError'{0x00000000d55d59b0}: 'java.lang.Object java.lang.invoke.DirectMethodHandle$Holder.invokeStaticInit(java.lang.Object, int)'> (0x00000000d55d59b0) 
thrown [s\src\hotspot\share\interpreter\linkResolver.cpp, line 773]
Event: 10.563 Thread 0x000001e254430ec0 Exception <a 'java/lang/NoSuchMethodError'{0x00000000d5895ea0}: 'java.lang.Object java.lang.invoke.DirectMethodHandle$Holder.invokeStaticInit(java.lang.Object, int, int, int, int)'> (0x00000000d5895ea0) 
thrown [s\src\hotspot\share\interpreter\linkResolver.cpp, line 773]
Event: 10.769 Thread 0x000001e254430ec0 Exception <a 'java/lang/NoSuchMethodError'{0x00000000d59a1c40}: 'java.lang.Object java.lang.invoke.DirectMethodHandle$Holder.invokeStaticInit(java.lang.Object, java.lang.Object, int, int, int, int)'> (0x00000000d59a1c40) 
thrown [s\src\hotspot\share\interpreter\linkResolver.cpp, line 773]
Event: 21.175 Thread 0x000001e254430ec0 Exception <a 'java/lang/NoSuchMethodError'{0x00000000d5b04088}: 'void java.lang.invoke.DirectMethodHandle$Holder.invokeSpecial(java.lang.Object, java.lang.Object, java.lang.Object, int)'> (0x00000000d5b04088) 
thrown [s\src\hotspot\share\interpreter\linkResolver.cpp, line 773]
Event: 21.176 Thread 0x000001e254430ec0 Exception <a 'java/lang/NoSuchMethodError'{0x00000000d5b07a18}: 'void java.lang.invoke.DelegatingMethodHandle$Holder.reinvoke_L(java.lang.Object, java.lang.Object, int)'> (0x00000000d5b07a18) 
thrown [s\src\hotspot\share\interpreter\linkResolver.cpp, line 773]
Event: 21.176 Thread 0x000001e254430ec0 Exception <a 'java/lang/NoSuchMethodError'{0x00000000d5b0e700}: 'int java.lang.invoke.Invokers$Holder.invokeExact_MT(java.lang.Object, java.lang.Object, java.lang.Object)'> (0x00000000d5b0e700) 
thrown [s\src\hotspot\share\interpreter\linkResolver.cpp, line 773]
Event: 21.230 Thread 0x000001e254430ec0 Exception <a 'java/lang/NoSuchMethodError'{0x00000000d5c331a8}: 'void java.lang.invoke.Invokers$Holder.invokeExact_MT(java.lang.Object, java.lang.Object, int, java.lang.Object)'> (0x00000000d5c331a8) 
thrown [s\src\hotspot\share\interpreter\linkResolver.cpp, line 773]
Event: 21.270 Thread 0x000001e254430ec0 Exception <a 'java/lang/NoSuchMethodError'{0x00000000d5d41528}: 'java.lang.Object java.lang.invoke.DirectMethodHandle$Holder.invokeSpecial(java.lang.Object, java.lang.Object, java.lang.Object, long, java.lang.Object)'> (0x00000000d5d41528) 
thrown [s\src\hotspot\share\interpreter\linkResolver.cpp, line 773]
Event: 21.271 Thread 0x000001e254430ec0 Exception <a 'java/lang/NoSuchMethodError'{0x00000000d5d48d70}: 'java.lang.Object java.lang.invoke.DirectMethodHandle$Holder.newInvokeSpecial(java.lang.Object, java.lang.Object, java.lang.Object, long)'> (0x00000000d5d48d70) 
thrown [s\src\hotspot\share\interpreter\linkResolver.cpp, line 773]
Event: 21.272 Thread 0x000001e254430ec0 Exception <a 'java/lang/NoSuchMethodError'{0x00000000d5d4d120}: 'java.lang.Object java.lang.invoke.DirectMethodHandle$Holder.invokeSpecial(java.lang.Object, java.lang.Object, java.lang.Object, java.lang.Object, long)'> (0x00000000d5d4d120) 
thrown [s\src\hotspot\share\interpreter\linkResolver.cpp, line 773]
Event: 21.272 Thread 0x000001e254430ec0 Exception <a 'java/lang/NoSuchMethodError'{0x00000000d5d50d40}: 'java.lang.Object java.lang.invoke.Invokers$Holder.linkToTargetMethod(java.lang.Object, java.lang.Object, long, java.lang.Object)'> (0x00000000d5d50d40) 
thrown [s\src\hotspot\share\interpreter\linkResolver.cpp, line 773]
Event: 21.288 Thread 0x000001e254430ec0 Exception <a 'java/lang/NoSuchMethodError'{0x00000000d5db23a0}: 'int java.lang.invoke.DirectMethodHandle$Holder.invokeStaticInit(java.lang.Object, java.lang.Object, java.lang.Object)'> (0x00000000d5db23a0) 
thrown [s\src\hotspot\share\interpreter\linkResolver.cpp, line 773]

ZGC Phase Switch (0 events):
No events

VM Operations (20 events):
Event: 7.123 Executing non-safepoint VM operation: HandshakeAllThreads (Deoptimize)
Event: 7.123 Executing non-safepoint VM operation: HandshakeAllThreads (Deoptimize) done
Event: 7.274 Executing safepoint VM operation: ParallelGCFailedAllocation (Allocation Failure)
Event: 7.289 Executing safepoint VM operation: ParallelGCFailedAllocation (Allocation Failure) done
Event: 8.296 Executing safepoint VM operation: Cleanup
Event: 8.327 Executing safepoint VM operation: Cleanup done
Event: 9.330 Executing safepoint VM operation: Cleanup
Event: 9.330 Executing safepoint VM operation: Cleanup done
Event: 9.540 Executing non-safepoint VM operation: HandshakeAllThreads (Deoptimize)
Event: 9.540 Executing non-safepoint VM operation: HandshakeAllThreads (Deoptimize) done
Event: 10.250 Executing safepoint VM operation: ParallelGCFailedAllocation (Allocation Failure)
Event: 10.257 Executing safepoint VM operation: ParallelGCFailedAllocation (Allocation Failure) done
Event: 10.670 Executing non-safepoint VM operation: HandshakeAllThreads (Deoptimize)
Event: 10.670 Executing non-safepoint VM operation: HandshakeAllThreads (Deoptimize) done
Event: 11.681 Executing safepoint VM operation: Cleanup
Event: 11.734 Executing safepoint VM operation: Cleanup done
Event: 13.764 Executing safepoint VM operation: Cleanup
Event: 13.765 Executing safepoint VM operation: Cleanup done
Event: 21.154 Executing non-safepoint VM operation: HandshakeAllThreads (Deoptimize)
Event: 21.154 Executing non-safepoint VM operation: HandshakeAllThreads (Deoptimize) done

Memory protections (0 events):
No events

Nmethod flushes (0 events):
No events

Events (20 events):
Event: 0.090 Thread 0x000001e274be6590 Thread added: 0x000001e276f7d640
Event: 0.385 Thread 0x000001e274be6590 Thread added: 0x000001e27f748460
Event: 0.665 Thread 0x000001e274be6590 Thread added: 0x000001e27f793250
Event: 0.919 Thread 0x000001e276f7d640 Thread added: 0x000001e27f8d40e0
Event: 1.338 Thread 0x000001e27f8d40e0 Thread exited: 0x000001e27f8d40e0
Event: 2.224 Thread 0x000001e276f7d640 Thread added: 0x000001e254430ec0
Event: 2.903 Thread 0x000001e274be6590 Thread added: 0x000001e254621ae0
Event: 3.376 Thread 0x000001e274be6590 Thread added: 0x000001e254617540
Event: 3.448 Thread 0x000001e254617540 Thread added: 0x000001e2545199d0
Event: 3.453 Thread 0x000001e254430ec0 Thread exited: 0x000001e254430ec0
Event: 3.454 Thread 0x000001e274be6590 Thread added: 0x000001e254430ec0
Event: 3.670 Thread 0x000001e276f7d640 Thread added: 0x000001e254793600
Event: 4.688 Thread 0x000001e254793600 Thread exited: 0x000001e254793600
Event: 4.691 Thread 0x000001e254430ec0 Thread added: 0x000001e254793600
Event: 7.089 Thread 0x000001e254430ec0 Thread added: 0x000001e25494c880
Event: 7.403 Thread 0x000001e276f5a620 Thread added: 0x000001e254c68c90
Event: 7.603 Thread 0x000001e254c68c90 Thread exited: 0x000001e254c68c90
Event: 8.692 Thread 0x000001e254430ec0 Thread added: 0x000001e2546b7a20
Event: 21.206 Thread 0x000001e254430ec0 Thread added: 0x000001e27f637500
Event: 21.278 Thread 0x000001e254430ec0 Thread added: 0x000001e27f634080


Dynamic libraries:
0x00007ff713380000 - 0x00007ff71338e000 	c:\Users\Mehdi\.vscode\extensions\redhat.java-1.54.0-win32-x64\jre\21.0.10-win32-x86_64\bin\java.exe
0x00007ffa17080000 - 0x00007ffa172e7000 	C:\WINDOWS\SYSTEM32\ntdll.dll
0x00007ffa168d0000 - 0x00007ffa16999000 	C:\WINDOWS\System32\KERNEL32.DLL
0x00007ffa14010000 - 0x00007ffa14407000 	C:\WINDOWS\System32\KERNELBASE.dll
0x00007ffa10e50000 - 0x00007ffa10ef0000 	C:\WINDOWS\SYSTEM32\apphelp.dll
0x00007ffa13c30000 - 0x00007ffa13d7b000 	C:\WINDOWS\System32\ucrtbase.dll
0x00007ffa053e0000 - 0x00007ffa053f8000 	c:\Users\Mehdi\.vscode\extensions\redhat.java-1.54.0-win32-x64\jre\21.0.10-win32-x86_64\bin\jli.dll
0x00007ff9fe140000 - 0x00007ff9fe15e000 	c:\Users\Mehdi\.vscode\extensions\redhat.java-1.54.0-win32-x64\jre\21.0.10-win32-x86_64\bin\VCRUNTIME140.dll
0x00007ffa169b0000 - 0x00007ffa16b76000 	C:\WINDOWS\System32\USER32.dll
0x00007ff9fccb0000 - 0x00007ff9fcf42000 	C:\WINDOWS\WinSxS\amd64_microsoft.windows.common-controls_6595b64144ccf1df_6.0.26100.8328_none_3e08182ce334b678\COMCTL32.dll
0x00007ffa14d10000 - 0x00007ffa14d37000 	C:\WINDOWS\System32\win32u.dll
0x00007ffa14e90000 - 0x00007ffa14f39000 	C:\WINDOWS\System32\msvcrt.dll
0x00007ffa17010000 - 0x00007ffa1703b000 	C:\WINDOWS\System32\GDI32.dll
0x00007ffa13d80000 - 0x00007ffa13eac000 	C:\WINDOWS\System32\gdi32full.dll
0x00007ffa13f60000 - 0x00007ffa14003000 	C:\WINDOWS\System32\msvcp_win.dll
0x00007ffa16e40000 - 0x00007ffa16e72000 	C:\WINDOWS\System32\IMM32.DLL
0x00007ffa04390000 - 0x00007ffa0439c000 	c:\Users\Mehdi\.vscode\extensions\redhat.java-1.54.0-win32-x64\jre\21.0.10-win32-x86_64\bin\vcruntime140_1.dll
0x00007ff9d4850000 - 0x00007ff9d48dd000 	c:\Users\Mehdi\.vscode\extensions\redhat.java-1.54.0-win32-x64\jre\21.0.10-win32-x86_64\bin\msvcp140.dll
0x00007ff99a550000 - 0x00007ff99b2f1000 	c:\Users\Mehdi\.vscode\extensions\redhat.java-1.54.0-win32-x64\jre\21.0.10-win32-x86_64\bin\server\jvm.dll
0x00007ffa166b0000 - 0x00007ffa16766000 	C:\WINDOWS\System32\ADVAPI32.dll
0x00007ffa154c0000 - 0x00007ffa15567000 	C:\WINDOWS\System32\sechost.dll
0x00007ffa16b80000 - 0x00007ffa16c98000 	C:\WINDOWS\System32\RPCRT4.dll
0x00007ffa15570000 - 0x00007ffa155f0000 	C:\WINDOWS\System32\WS2_32.dll
0x00007ffa13910000 - 0x00007ffa1396e000 	C:\WINDOWS\SYSTEM32\POWRPROF.dll
0x00007ff9fe370000 - 0x00007ff9fe3a6000 	C:\WINDOWS\SYSTEM32\WINMM.dll
0x00007ffa00e80000 - 0x00007ffa00e8b000 	C:\WINDOWS\SYSTEM32\VERSION.dll
0x00007ffa138f0000 - 0x00007ffa13904000 	C:\WINDOWS\SYSTEM32\UMPDC.dll
0x00007ffa12840000 - 0x00007ffa1285b000 	C:\WINDOWS\SYSTEM32\kernel.appcore.dll
0x00007ffa041c0000 - 0x00007ffa041ca000 	c:\Users\Mehdi\.vscode\extensions\redhat.java-1.54.0-win32-x64\jre\21.0.10-win32-x86_64\bin\jimage.dll
0x00007ffa11940000 - 0x00007ffa11b82000 	C:\WINDOWS\SYSTEM32\DBGHELP.DLL
0x00007ffa15d80000 - 0x00007ffa16103000 	C:\WINDOWS\System32\combase.dll
0x00007ffa151a0000 - 0x00007ffa15279000 	C:\WINDOWS\System32\OLEAUT32.dll
0x00007ffa01d20000 - 0x00007ffa01d5b000 	C:\WINDOWS\SYSTEM32\dbgcore.DLL
0x00007ffa13eb0000 - 0x00007ffa13f58000 	C:\WINDOWS\System32\bcryptPrimitives.dll
0x00007ffa02bc0000 - 0x00007ffa02bcf000 	c:\Users\Mehdi\.vscode\extensions\redhat.java-1.54.0-win32-x64\jre\21.0.10-win32-x86_64\bin\instrument.dll
0x00007ff9fe120000 - 0x00007ff9fe140000 	c:\Users\Mehdi\.vscode\extensions\redhat.java-1.54.0-win32-x64\jre\21.0.10-win32-x86_64\bin\java.dll
0x00007ffa15600000 - 0x00007ffa15d6e000 	C:\WINDOWS\System32\SHELL32.dll
0x00007ffa144a0000 - 0x00007ffa14d0c000 	C:\WINDOWS\System32\windows.storage.dll
0x00007ffa16110000 - 0x00007ffa16206000 	C:\WINDOWS\System32\SHCORE.dll
0x00007ffa15030000 - 0x00007ffa15096000 	C:\WINDOWS\System32\shlwapi.dll
0x00007ffa139d0000 - 0x00007ffa139f9000 	C:\WINDOWS\SYSTEM32\profapi.dll
0x00007ff9f76b0000 - 0x00007ff9f76c8000 	c:\Users\Mehdi\.vscode\extensions\redhat.java-1.54.0-win32-x64\jre\21.0.10-win32-x86_64\bin\zip.dll
0x00007ffa02620000 - 0x00007ffa02630000 	C:\Users\Mehdi\.vscode\extensions\redhat.java-1.54.0-win32-x64\jre\21.0.10-win32-x86_64\bin\net.dll
0x00007ffa077c0000 - 0x00007ffa078e9000 	C:\WINDOWS\SYSTEM32\WINHTTP.dll
0x00007ffa12db0000 - 0x00007ffa12e1c000 	C:\WINDOWS\system32\mswsock.dll
0x00007ff9f6e20000 - 0x00007ff9f6e36000 	C:\Users\Mehdi\.vscode\extensions\redhat.java-1.54.0-win32-x64\jre\21.0.10-win32-x86_64\bin\nio.dll
0x00007ff9fe1e0000 - 0x00007ff9fe1f0000 	c:\Users\Mehdi\.vscode\extensions\redhat.java-1.54.0-win32-x64\jre\21.0.10-win32-x86_64\bin\verify.dll
0x00007ff9d7070000 - 0x00007ff9d70b5000 	C:\Users\Mehdi\AppData\Roaming\Code\User\globalStorage\redhat.java\1.54.0\config_win\org.eclipse.equinox.launcher\org.eclipse.equinox.launcher.win32.win32.x86_64_1.3.0.v20260203-2149\eclipse_11919.dll
0x00007ffa16ca0000 - 0x00007ffa16e37000 	C:\WINDOWS\System32\ole32.dll
0x00007ffa13090000 - 0x00007ffa130ab000 	C:\WINDOWS\SYSTEM32\CRYPTSP.dll
0x00007ffa127a0000 - 0x00007ffa127d9000 	C:\WINDOWS\system32\rsaenh.dll
0x00007ffa12e60000 - 0x00007ffa12e93000 	C:\WINDOWS\SYSTEM32\USERENV.dll
0x00007ffa139a0000 - 0x00007ffa139ca000 	C:\WINDOWS\SYSTEM32\bcrypt.dll
0x00007ffa130b0000 - 0x00007ffa130bc000 	C:\WINDOWS\SYSTEM32\CRYPTBASE.dll
0x00007ffa12280000 - 0x00007ffa122b2000 	C:\WINDOWS\SYSTEM32\IPHLPAPI.DLL
0x00007ffa15490000 - 0x00007ffa1549a000 	C:\WINDOWS\System32\NSI.dll
0x00007ff99b9b0000 - 0x00007ff99b9f9000 	C:\Users\Mehdi\AppData\Local\Temp\jna-74223157\jna17139408027442740802.dll
0x00007ffa16210000 - 0x00007ffa16218000 	C:\WINDOWS\System32\PSAPI.DLL

JVMTI agents:
c:\Users\Mehdi\.vscode\extensions\redhat.java-1.54.0-win32-x64\lombok\lombok-1.18.39-4050.jar path:c:\Users\Mehdi\.vscode\extensions\redhat.java-1.54.0-win32-x64\jre\21.0.10-win32-x86_64\bin\instrument.dll, loaded, initialized, instrumentlib options:none

dbghelp: loaded successfully - version: 4.0.5 - missing functions: none
symbol engine: initialized successfully - sym options: 0x614 - pdb path: .;c:\Users\Mehdi\.vscode\extensions\redhat.java-1.54.0-win32-x64\jre\21.0.10-win32-x86_64\bin;C:\WINDOWS\SYSTEM32;C:\WINDOWS\WinSxS\amd64_microsoft.windows.common-controls_6595b64144ccf1df_6.0.26100.8328_none_3e08182ce334b678;c:\Users\Mehdi\.vscode\extensions\redhat.java-1.54.0-win32-x64\jre\21.0.10-win32-x86_64\bin\server;C:\Users\Mehdi\AppData\Roaming\Code\User\globalStorage\redhat.java\1.54.0\config_win\org.eclipse.equinox.launcher\org.eclipse.equinox.launcher.win32.win32.x86_64_1.3.0.v20260203-2149;C:\Users\Mehdi\AppData\Local\Temp\jna-74223157

VM Arguments:
jvm_args: --add-modules=ALL-SYSTEM --add-opens=java.base/java.util=ALL-UNNAMED --add-opens=java.base/java.lang=ALL-UNNAMED --add-opens=java.base/sun.nio.fs=ALL-UNNAMED -Declipse.application=org.eclipse.jdt.ls.core.id1 -Dosgi.bundles.defaultStartLevel=4 -Declipse.product=org.eclipse.jdt.ls.core.product -Djava.import.generatesMetadataFilesAtProjectRoot=false -DDetectVMInstallationsJob.disabled=true -Dfile.encoding=utf8 -XX:+UseParallelGC -XX:GCTimeRatio=4 -XX:AdaptiveSizePolicyWeight=90 -Dsun.zip.disableMemoryMapping=true -Xmx2G -Xms100m -Xlog:disable -javaagent:c:\Users\Mehdi\.vscode\extensions\redhat.java-1.54.0-win32-x64\lombok\lombok-1.18.39-4050.jar -XX:+HeapDumpOnOutOfMemoryError -XX:HeapDumpPath=c:\Users\Mehdi\AppData\Roaming\Code\User\workspaceStorage\2fbba315dff4086bbc46fa375d790ebb\redhat.java -Daether.dependencyCollector.impl=bf 
java_command: c:\Users\Mehdi\.vscode\extensions\redhat.java-1.54.0-win32-x64\server\plugins\org.eclipse.equinox.launcher_1.7.100.v20251111-0406.jar -configuration c:\Users\Mehdi\AppData\Roaming\Code\User\globalStorage\redhat.java\1.54.0\config_win -data c:\Users\Mehdi\AppData\Roaming\Code\User\workspaceStorage\2fbba315dff4086bbc46fa375d790ebb\redhat.java\jdt_ws --pipe=\\.\pipe\lsp-acddd650e79dfc9619b2d4229a275f88-sock
java_class_path (initial): c:\Users\Mehdi\.vscode\extensions\redhat.java-1.54.0-win32-x64\server\plugins\org.eclipse.equinox.launcher_1.7.100.v20251111-0406.jar
Launcher Type: SUN_STANDARD

[Global flags]
    uintx AdaptiveSizePolicyWeight                 = 90                                        {product} {command line}
     intx CICompilerCount                          = 3                                         {product} {ergonomic}
    uintx GCTimeRatio                              = 4                                         {product} {command line}
     bool HeapDumpOnOutOfMemoryError               = true                                   {manageable} {command line}
    ccstr HeapDumpPath                             = c:\Users\Mehdi\AppData\Roaming\Code\User\workspaceStorage\2fbba315dff4086bbc46fa375d790ebb\redhat.java         {manageable} {command line}
   size_t InitialHeapSize                          = 104857600                                 {product} {command line}
   size_t MaxHeapSize                              = 2147483648                                {product} {command line}
   size_t MaxNewSize                               = 715653120                                 {product} {ergonomic}
   size_t MinHeapDeltaBytes                        = 524288                                    {product} {ergonomic}
   size_t MinHeapSize                              = 104857600                                 {product} {command line}
   size_t NewSize                                  = 34603008                                  {product} {ergonomic}
    uintx NonNMethodCodeHeapSize                   = 5832780                                {pd product} {ergonomic}
    uintx NonProfiledCodeHeapSize                  = 122912730                              {pd product} {ergonomic}
   size_t OldSize                                  = 70254592                                  {product} {ergonomic}
    uintx ProfiledCodeHeapSize                     = 122912730                              {pd product} {ergonomic}
    uintx ReservedCodeCacheSize                    = 251658240                              {pd product} {ergonomic}
     bool SegmentedCodeCache                       = true                                      {product} {ergonomic}
   size_t SoftMaxHeapSize                          = 2147483648                             {manageable} {ergonomic}
     bool UseCompressedOops                        = true                           {product lp64_product} {ergonomic}
     bool UseLargePagesIndividualAllocation        = false                                  {pd product} {ergonomic}
     bool UseParallelGC                            = true                                      {product} {command line}

Logging:
Log output configuration:
 #0: stdout all=off uptime,level,tags foldmultilines=false
 #1: stderr all=off uptime,level,tags foldmultilines=false

Release file:
JAVA_VERSION="21.0.10" 
MODULES="java.base java.compiler java.datatransfer java.xml java.prefs java.desktop java.instrument java.logging java.management java.security.sasl java.naming java.rmi java.management.rmi java.net.http java.scripting java.security.jgss java.transaction.xa java.sql java.sql.rowset java.xml.crypto java.se java.smartcardio jdk.accessibility jdk.internal.jvmstat jdk.attach jdk.charsets jdk.internal.opt jdk.zipfs jdk.compiler jdk.crypto.ec jdk.crypto.cryptoki jdk.crypto.mscapi jdk.dynalink jdk.internal.ed jdk.editpad jdk.hotspot.agent jdk.httpserver jdk.internal.le jdk.internal.vm.ci jdk.internal.vm.compiler jdk.internal.vm.compiler.management jdk.jartool jdk.javadoc jdk.jcmd jdk.management jdk.management.agent jdk.jconsole jdk.jdeps jdk.jdwp.agent jdk.jdi jdk.jfr jdk.jshell jdk.jsobject jdk.jstatd jdk.localedata jdk.management.jfr jdk.naming.dns jdk.naming.rmi jdk.net jdk.nio.mapmode jdk.random jdk.sctp jdk.security.auth jdk.security.jgss jdk.unsupported jdk.unsupported.desktop jdk.xml.dom" 

Environment Variables:
JAVA_HOME=C:\Program Files\Java\jdk-21
PATH=C:\Users\Mehdi\AppData\Local\Programs\Microsoft VS Code;C:\Python313\Scripts\;C:\Python313\;C:\msys64\mingw64\bin;C:\ProgramData\chocolatey\bin;C:\xampp\apache\bin;C:\xampp\php;C:\composer;C:\Program Files\dotnet\;C:\Users\Mehdi\AppData\Roaming\Composer\vendor\bin;C:\Program Files\Git\cmd;C:\Program Files (x86)\Microsoft SQL Server\160\Tools\Binn\;C:\Program Files\Microsoft SQL Server\160\Tools\Binn\;C:\Program Files\Microsoft SQL Server\Client SDK\ODBC\170\Tools\Binn\;C:\Program Files\Microsoft SQL Server\160\DTS\Binn\;C:\Windows\System32;C:\Program Files\Docker\Docker\resources\bin;C:\Users\Mehdi\AppData\Local\nvm;C:\nvm4w\nodejs;C:\WINDOWS\system32;C:\WINDOWS;C:\WINDOWS\System32\Wbem;C:\WINDOWS\System32\WindowsPowerShell\v1.0\;C:\WINDOWS\System32\OpenSSH\;C:\Program Files\PostgreSQL\18\bin;C:\mongodbshell\mongosh-2.3.8-win32-x64\mongosh-2.3.8-win32-x64\bin;C:\Users\Mehdi\AppData\Local\Programs\Microsoft VS Code\bin;C:\Users\Mehdi\AppData\Local\GitHubDesktop\bin;C:\Users\Mehdi\AppData\Roaming\Composer\vendor\bin;C:\Program Files\JetBrains\IntelliJ IDEA 2025.2.2\bin;C:\Users\Mehdi\AppData\Local\JetBrains\Toolbox\scripts;C:\Users\Mehdi\AppData\Local\spicetify;C:\Users\Mehdi\AppData\Local\Pandoc\;C:\Users\Mehdi\AppData\Local\nvm;C:\nvm4w\nodejs;C:\Users\Mehdi\AppData\Local\Microsoft\WindowsApps;C:\Users\Mehdi\AppData\Local\Programs\Antigravity\bin;C:\Users\Mehdi\AppData\Local\Programs\MiKTeX\miktex\bin\x64\;C:\Users\Mehdi\.bun\bin;C:\Program Files\Java\jdk-21\bin;
USERNAME=Mehdi
OS=Windows_NT
PROCESSOR_IDENTIFIER=Intel64 Family 6 Model 140 Stepping 1, GenuineIntel
TMP=C:\Users\Mehdi\AppData\Local\Temp
TEMP=C:\Users\Mehdi\AppData\Local\Temp




Periodic native trim disabled

---------------  S Y S T E M  ---------------

OS:
 Windows 11 , 64 bit Build 26100 (10.0.26100.8328)
OS uptime: 1 days 8:54 hours
Hyper-V role detected

CPU: total 4 (initial active 4) (2 cores per cpu, 2 threads per core) family 6 model 140 stepping 1 microcode 0xb6, cx8, cmov, fxsr, ht, mmx, 3dnowpref, sse, sse2, sse3, ssse3, sse4.1, sse4.2, popcnt, lzcnt, tsc, tscinvbit, avx, avx2, aes, erms, clmul, bmi1, bmi2, adx, avx512f, avx512dq, avx512cd, avx512bw, avx512vl, sha, fma, vzeroupper, avx512_vpopcntdq, avx512_vpclmulqdq, avx512_vaes, avx512_vnni, clflush, clflushopt, clwb, avx512_vbmi2, avx512_vbmi, hv, rdtscp, rdpid, fsrm, gfni, avx512_bitalg, f16c, cet_ibt, cet_ss, avx512_ifma
Processor Information for the first 4 processors :
  Max Mhz: 2995, Current Mhz: 2995, Mhz Limit: 2995

Memory: 4k page, system-wide physical 7991M (784M free)
TotalPageFile size 23080M (AvailPageFile size 0M)
current process WorkingSet (physical memory assigned to process): 135M, peak: 135M
current process commit charge ("private bytes"): 262M, peak: 263M

vm_info: OpenJDK 64-Bit Server VM (21.0.10+7-LTS) for windows-amd64 JRE (21.0.10+7-LTS), built on 2026-01-20T00:00:00Z by "admin" with MS VC++ 17.12 (VS2022)

END.
